[0607/201101.265:ERROR:process_memory_win.cc(73)] ReadMemory at 0x18751470000 of 64 bytes failed: Only part of a ReadProcessMemory or WriteProcessMemory request was completed. (0x12B)
[0607/201101.387:WARNING:pe_image_reader.cc(340)] could not read dos header from C:\WINDOWS\System32\combase.dll
[0607/201101.388:ERROR:process_memory_win.cc(73)] ReadMemory at 0x7ffbc5e30000 of 64 bytes failed: Only part of a ReadProcessMemory or WriteProcessMemory request was completed. (0x12B)
[0607/201101.388:WARNING:pe_image_reader.cc(340)] could not read dos header from C:\WINDOWS\System32\bcryptPrimitives.dll
[0607/201101.388:ERROR:process_memory_win.cc(73)] ReadMemory at 0x7ffbc6070000 of 64 bytes failed: Only part of a ReadProcessMemory or WriteProcessMemory request was completed. (0x12B)
[0607/201101.388:WARNING:pe_image_reader.cc(340)] could not read dos header from C:\WINDOWS\System32\windows.storage.dll
[0607/201101.388:ERROR:process_memory_win.cc(73)] ReadMemory at 0x7ffbc68c0000 of 64 bytes failed: Only part of a ReadProcessMemory or WriteProcessMemory request was completed. (0x12B)
[0607/201101.388:WARNING:pe_image_reader.cc(340)] could not read dos header from C:\WINDOWS\System32\msvcp_win.dll
[0607/201101.388:ERROR:process_memory_win.cc(73)] ReadMemory at 0x7ffbc9260000 of 64 bytes failed: Only part of a ReadProcessMemory or WriteProcessMemory request was completed. (0x12B)
[0607/201101.388:WARNING:pe_image_reader.cc(340)] could not read dos header from C:\WINDOWS\System32\sechost.dll
[0607/201101.388:ERROR:process_memory_win.cc(73)] ReadMemory at 0x7ffbc9300000 of 64 bytes failed: Only part of a ReadProcessMemory or WriteProcessMemory request was completed. (0x12B)
[0607/201101.388:WARNING:pe_image_reader.cc(340)] could not read dos header from C:\WINDOWS\System32\advapi32.dll
[0607/201101.388:ERROR:process_memory_win.cc(73)] ReadMemory at 0x7ffbc5a50000 of 64 bytes failed: Only part of a ReadProcessMemory or WriteProcessMemory request was completed. (0x12B)
[0607/201101.388:WARNING:pe_image_reader.cc(340)] could not read dos header from C:\WINDOWS\System32\profapi.dll
[0607/201101.388:ERROR:process_memory_win.cc(73)] ReadMemory at 0x7ffbc59f0000 of 64 bytes failed: Only part of a ReadProcessMemory or WriteProcessMemory request was completed. (0x12B)
[0607/201101.388:WARNING:pe_image_reader.cc(340)] could not read dos header from C:\WINDOWS\System32\powrprof.dll
[0607/201101.389:ERROR:process_memory_win.cc(73)] ReadMemory at 0x7ffbc9550000 of 64 bytes failed: Only part of a ReadProcessMemory or WriteProcessMemory request was completed. (0x12B)
[0607/201101.389:WARNING:pe_image_reader.cc(340)] could not read dos header from C:\WINDOWS\System32\shlwapi.dll
[0607/201101.389:ERROR:process_memory_win.cc(73)] ReadMemory at 0x7ffbc6d30000 of 64 bytes failed: Only part of a ReadProcessMemory or WriteProcessMemory request was completed. (0x12B)
[0607/201101.389:WARNING:pe_image_reader.cc(340)] could not read dos header from C:\WINDOWS\System32\GDI32.dll
[0607/201101.389:ERROR:process_memory_win.cc(73)] ReadMemory at 0x7ffbc5eb0000 of 64 bytes failed: Only part of a ReadProcessMemory or WriteProcessMemory request was completed. (0x12B)
[0607/201101.389:WARNING:pe_image_reader.cc(340)] could not read dos header from C:\WINDOWS\System32\gdi32full.dll
[0607/201101.389:ERROR:process_memory_win.cc(73)] ReadMemory at 0x7ffbc70a0000 of 64 bytes failed: Only part of a ReadProcessMemory or WriteProcessMemory request was completed. (0x12B)
[0607/201101.389:WARNING:pe_image_reader.cc(340)] could not read dos header from C:\WINDOWS\System32\USER32.dll
[0607/201101.389:ERROR:process_memory_win.cc(73)] ReadMemory at 0x7ffbc6050000 of 64 bytes failed: Only part of a ReadProcessMemory or WriteProcessMemory request was completed. (0x12B)
[0607/201101.389:WARNING:pe_image_reader.cc(340)] could not read dos header from C:\WINDOWS\System32\win32u.dll
[0607/201101.389:ERROR:process_memory_win.cc(73)] ReadMemory at 0x7ffbc5a80000 of 64 bytes failed: Only part of a ReadProcessMemory or WriteProcessMemory request was completed. (0x12B)
[0607/201101.389:WARNING:pe_image_reader.cc(340)] could not read dos header from C:\WINDOWS\System32\kernel.appcore.dll
[0607/201101.389:ERROR:process_memory_win.cc(73)] ReadMemory at 0x7ffbc5e10000 of 64 bytes failed: Only part of a ReadProcessMemory or WriteProcessMemory request was completed. (0x12B)
[0607/201101.389:WARNING:pe_image_reader.cc(340)] could not read dos header from C:\WINDOWS\System32\cryptsp.dll
[0607/201101.389:ERROR:process_memory_win.cc(73)] ReadMemory at 0x7ffb99b90000 of 64 bytes failed: Only part of a ReadProcessMemory or WriteProcessMemory request was completed. (0x12B)
[0607/201101.389:WARNING:pe_image_reader.cc(340)] could not read dos header from C:\Program Files (x86)\Google\Chrome\Application\75.0.3770.80\chrome_elf.dll
[0607/201101.389:ERROR:process_memory_win.cc(73)] ReadMemory at 0x7ffbbed50000 of 64 bytes failed: Only part of a ReadProcessMemory or WriteProcessMemory request was completed. (0x12B)
[0607/201101.389:WARNING:pe_image_reader.cc(340)] could not read dos header from C:\WINDOWS\SYSTEM32\VERSION.dll
[0607/201101.389:ERROR:process_memory_win.cc(73)] ReadMemory at 0x7ffbc3b70000 of 64 bytes failed: Only part of a ReadProcessMemory or WriteProcessMemory request was completed. (0x12B)
[0607/201101.389:WARNING:pe_image_reader.cc(340)] could not read dos header from C:\WINDOWS\SYSTEM32\WINMM.dll
[0607/201101.389:ERROR:process_memory_win.cc(73)] ReadMemory at 0x7ffbc58d0000 of 64 bytes failed: Only part of a ReadProcessMemory or WriteProcessMemory request was completed. (0x12B)
[0607/201101.389:WARNING:pe_image_reader.cc(340)] could not read dos header from C:\WINDOWS\SYSTEM32\USERENV.dll
[0607/201101.390:ERROR:process_memory_win.cc(73)] ReadMemory at 0x7ffbc3010000 of 64 bytes failed: Only part of a ReadProcessMemory or WriteProcessMemory request was completed. (0x12B)
[0607/201101.390:WARNING:pe_image_reader.cc(340)] could not read dos header from C:\WINDOWS\SYSTEM32\WINMMBASE.dll
[0607/201101.390:ERROR:process_memory_win.cc(73)] ReadMemory at 0x7ffbc5420000 of 64 bytes failed: Only part of a ReadProcessMemory or WriteProcessMemory request was completed. (0x12B)
[0607/201101.390:WARNING:pe_image_reader.cc(340)] could not read dos header from C:\WINDOWS\SYSTEM32\CRYPTBASE.DLL
[0607/201101.390:ERROR:process_memory_win.cc(73)] ReadMemory at 0x7ffbc6c00000 of 64 bytes failed: Only part of a ReadProcessMemory or WriteProcessMemory request was completed. (0x12B)
[0607/201101.390:WARNING:pe_image_reader.cc(340)] could not read dos header from C:\WINDOWS\System32\IMM32.DLL
[0607/201101.390:ERROR:process_memory_win.cc(73)] ReadMemory at 0x7ffb745f0000 of 64 bytes failed: Only part of a ReadProcessMemory or WriteProcessMemory request was completed. (0x12B)
[0607/201101.390:WARNING:pe_image_reader.cc(340)] could not read dos header from C:\Program Files (x86)\Google\Chrome\Application\75.0.3770.80\chrome_child.dll
[0607/201101.390:ERROR:process_memory_win.cc(73)] ReadMemory at 0x7ffbc91f0000 of 64 bytes failed: Only part of a ReadProcessMemory or WriteProcessMemory request was completed. (0x12B)
[0607/201101.390:WARNING:pe_image_reader.cc(340)] could not read dos header from C:\WINDOWS\System32\WS2_32.dll
[0607/201101.390:ERROR:process_memory_win.cc(73)] ReadMemory at 0x7ffbc97e0000 of 64 bytes failed: Only part of a ReadProcessMemory or WriteProcessMemory request was completed. (0x12B)
[0607/201101.390:WARNING:pe_image_reader.cc(340)] could not read dos header from C:\WINDOWS\System32\ole32.dll
[0607/201101.390:ERROR:process_memory_win.cc(73)] ReadMemory at 0x7ffbc8880000 of 64 bytes failed: Only part of a ReadProcessMemory or WriteProcessMemory request was completed. (0x12B)
[0607/201101.390:WARNING:pe_image_reader.cc(340)] could not read dos header from C:\WINDOWS\System32\OLEAUT32.dll
[0607/201101.390:ERROR:process_memory_win.cc(73)] ReadMemory at 0x7ffbc5d60000 of 64 bytes failed: Only part of a ReadProcessMemory or WriteProcessMemory request was completed. (0x12B)
[0607/201101.390:WARNING:pe_image_reader.cc(340)] could not read dos header from C:\WINDOWS\System32\WINTRUST.dll
[0607/201101.390:ERROR:process_memory_win.cc(73)] ReadMemory at 0x7ffbc59d0000 of 64 bytes failed: Only part of a ReadProcessMemory or WriteProcessMemory request was completed. (0x12B)
[0607/201101.390:WARNING:pe_image_reader.cc(340)] could not read dos header from C:\WINDOWS\System32\MSASN1.dll
[0607/201101.390:ERROR:process_memory_win.cc(73)] ReadMemory at 0x7ffbc5aa0000 of 64 bytes failed: Only part of a ReadProcessMemory or WriteProcessMemory request was completed. (0x12B)
[0607/201101.390:WARNING:pe_image_reader.cc(340)] could not read dos header from C:\WINDOWS\System32\CRYPT32.dll
[0607/201101.390:ERROR:process_memory_win.cc(73)] ReadMemory at 0x7ffbc9410000 of 64 bytes failed: Only part of a ReadProcessMemory or WriteProcessMemory request was completed. (0x12B)
[0607/201101.390:WARNING:pe_image_reader.cc(340)] could not read dos header from C:\WINDOWS\System32\COMDLG32.dll
[0607/201101.391:ERROR:process_memory_win.cc(73)] ReadMemory at 0x7ffbc4fb0000 of 64 bytes failed: Only part of a ReadProcessMemory or WriteProcessMemory request was completed. (0x12B)
[0607/201101.391:WARNING:pe_image_reader.cc(340)] could not read dos header from C:\WINDOWS\SYSTEM32\IPHLPAPI.DLL
[0607/201101.391:ERROR:process_memory_win.cc(73)] ReadMemory at 0x7ffbbc730000 of 64 bytes failed: Only part of a ReadProcessMemory or WriteProcessMemory request was completed. (0x12B)
[0607/201101.391:WARNING:pe_image_reader.cc(340)] could not read dos header from C:\WINDOWS\SYSTEM32\OLEACC.dll
[0607/201101.391:ERROR:process_memory_win.cc(73)] ReadMemory at 0x7ffba1620000 of 64 bytes failed: Only part of a ReadProcessMemory or WriteProcessMemory request was completed. (0x12B)
[0607/201101.391:WARNING:pe_image_reader.cc(340)] could not read dos header from C:\WINDOWS\SYSTEM32\UIAutomationCore.DLL
[0607/201101.391:ERROR:process_memory_win.cc(73)] ReadMemory at 0x7ffbc2280000 of 64 bytes failed: Only part of a ReadProcessMemory or WriteProcessMemory request was completed. (0x12B)
[0607/201101.391:WARNING:pe_image_reader.cc(340)] could not read dos header from C:\WINDOWS\SYSTEM32\WTSAPI32.dll
[0607/201101.391:ERROR:process_memory_win.cc(73)] ReadMemory at 0x7ffbb8080000 of 64 bytes failed: Only part of a ReadProcessMemory or WriteProcessMemory request was completed. (0x12B)
[0607/201101.391:WARNING:pe_image_reader.cc(340)] could not read dos header from C:\WINDOWS\SYSTEM32\DWrite.dll
[0607/201101.391:ERROR:process_memory_win.cc(73)] ReadMemory at 0x7ffbc4820000 of 64 bytes failed: Only part of a ReadProcessMemory or WriteProcessMemory request was completed. (0x12B)
[0607/201101.391:WARNING:pe_image_reader.cc(340)] could not read dos header from C:\WINDOWS\SYSTEM32\dxgi.dll
[0607/201101.391:ERROR:process_memory_win.cc(73)] ReadMemory at 0x7ffbbe120000 of 64 bytes failed: Only part of a ReadProcessMemory or WriteProcessMemory request was completed. (0x12B)
[0607/201101.391:WARNING:pe_image_reader.cc(340)] could not read dos header from C:\WINDOWS\SYSTEM32\WINSPOOL.DRV
[0607/201101.391:ERROR:process_memory_win.cc(73)] ReadMemory at 0x7ffbc5d30000 of 64 bytes failed: Only part of a ReadProcessMemory or WriteProcessMemory request was completed. (0x12B)
[0607/201101.391:WARNING:pe_image_reader.cc(340)] could not read dos header from C:\WINDOWS\System32\bcrypt.dll
[0607/201101.391:ERROR:process_memory_win.cc(73)] ReadMemory at 0x7ffbb3ec0000 of 64 bytes failed: Only part of a ReadProcessMemory or WriteProcessMemory request was completed. (0x12B)
[0607/201101.391:WARNING:pe_image_reader.cc(340)] could not read dos header from C:\WINDOWS\SYSTEM32\dbghelp.dll
[0607/201101.391:ERROR:process_memory_win.cc(73)] ReadMemory at 0x7ffbbe460000 of 64 bytes failed: Only part of a ReadProcessMemory or WriteProcessMemory request was completed. (0x12B)
[0607/201101.391:WARNING:pe_image_reader.cc(340)] could not read dos header from C:\WINDOWS\WinSxS\amd64_microsoft.windows.common-controls_6595b64144ccf1df_6.0.17763.503_none_05b23ef40721f4ae\COMCTL32.dll
[0607/201101.391:ERROR:process_memory_win.cc(73)] ReadMemory at 0x7ffba1120000 of 64 bytes failed: Only part of a ReadProcessMemory or WriteProcessMemory request was completed. (0x12B)
[0607/201101.391:WARNING:pe_image_reader.cc(340)] could not read dos header from C:\WINDOWS\SYSTEM32\USP10.dll
[0607/201101.391:ERROR:process_memory_win.cc(73)] ReadMemory at 0x7ffbbe360000 of 64 bytes failed: Only part of a ReadProcessMemory or WriteProcessMemory request was completed. (0x12B)
[0607/201101.392:WARNING:pe_image_reader.cc(340)] could not read dos header from C:\WINDOWS\SYSTEM32\WINHTTP.dll
[0607/201101.392:ERROR:process_memory_win.cc(73)] ReadMemory at 0x7ffbbe990000 of 64 bytes failed: Only part of a ReadProcessMemory or WriteProcessMemory request was completed. (0x12B)
[0607/201101.392:WARNING:pe_image_reader.cc(340)] could not read dos header from C:\WINDOWS\SYSTEM32\urlmon.dll
[0607/201101.392:ERROR:process_memory_win.cc(73)] ReadMemory at 0x7ffbadf90000 of 64 bytes failed: Only part of a ReadProcessMemory or WriteProcessMemory request was completed. (0x12B)
[0607/201101.392:WARNING:pe_image_reader.cc(340)] could not read dos header from C:\WINDOWS\SYSTEM32\Secur32.dll
[0607/201101.392:ERROR:process_memory_win.cc(73)] ReadMemory at 0x7ffbc0360000 of 64 bytes failed: Only part of a ReadProcessMemory or WriteProcessMemory request was completed. (0x12B)
[0607/201101.392:WARNING:pe_image_reader.cc(340)] could not read dos header from C:\WINDOWS\SYSTEM32\dhcpcsvc.DLL
[0607/201101.392:ERROR:process_memory_win.cc(73)] ReadMemory at 0x7ffbc95b0000 of 64 bytes failed: Only part of a ReadProcessMemory or WriteProcessMemory request was completed. (0x12B)
[0607/201101.392:WARNING:pe_image_reader.cc(340)] could not read dos header from C:\WINDOWS\System32\NSI.dll
[0607/201101.392:ERROR:process_memory_win.cc(73)] ReadMemory at 0x7ffbbfaf0000 of 64 bytes failed: Only part of a ReadProcessMemory or WriteProcessMemory request was completed. (0x12B)
[0607/201101.392:WARNING:pe_image_reader.cc(340)] could not read dos header from C:\WINDOWS\SYSTEM32\Bcp47Langs.dll
[0607/201101.392:ERROR:process_memory_win.cc(73)] ReadMemory at 0x7ffbc2410000 of 64 bytes failed: Only part of a ReadProcessMemory or WriteProcessMemory request was completed. (0x12B)
[0607/201101.392:WARNING:pe_image_reader.cc(340)] could not read dos header from C:\WINDOWS\SYSTEM32\PROPSYS.dll
[0607/201101.392:ERROR:process_memory_win.cc(73)] ReadMemory at 0x7ffbbe6e0000 of 64 bytes failed: Only part of a ReadProcessMemory or WriteProcessMemory request was completed. (0x12B)
[0607/201101.392:WARNING:pe_image_reader.cc(340)] could not read dos header from C:\WINDOWS\SYSTEM32\iertutil.dll
[0607/201101.392:ERROR:process_memory_win.cc(73)] ReadMemory at 0x7ffbc5900000 of 64 bytes failed: Only part of a ReadProcessMemory or WriteProcessMemory request was completed. (0x12B)
[0607/201101.392:WARNING:pe_image_reader.cc(340)] could not read dos header from C:\WINDOWS\SYSTEM32\SSPICLI.DLL
[0607/201101.392:ERROR:process_memory_win.cc(73)] ReadMemory at 0x7ffbc8d70000 of 64 bytes failed: Only part of a ReadProcessMemory or WriteProcessMemory request was completed. (0x12B)
[0607/201101.392:WARNING:pe_image_reader.cc(340)] could not read dos header from C:\WINDOWS\System32\SETUPAPI.dll
[0607/201101.392:ERROR:process_memory_win.cc(73)] ReadMemory at 0x7ffbc57e0000 of 64 bytes failed: Only part of a ReadProcessMemory or WriteProcessMemory request was completed. (0x12B)
[0607/201101.392:WARNING:pe_image_reader.cc(340)] could not read dos header from C:\WINDOWS\SYSTEM32\DEVOBJ.dll
[0607/201101.392:ERROR:process_memory_win.cc(73)] ReadMemory at 0x7ffb94060000 of 64 bytes failed: Only part of a ReadProcessMemory or WriteProcessMemory request was completed. (0x12B)
[0607/201101.392:WARNING:pe_image_reader.cc(340)] could not read dos header from C:\WINDOWS\SYSTEM32\mf.dll
[0607/201101.392:ERROR:process_memory_win.cc(73)] ReadMemory at 0x7ffbb6ee0000 of 64 bytes failed: Only part of a ReadProcessMemory or WriteProcessMemory request was completed. (0x12B)
[0607/201101.392:WARNING:pe_image_reader.cc(340)] could not read dos header from C:\WINDOWS\SYSTEM32\mfplat.dll
[0607/201101.392:ERROR:process_memory_win.cc(73)] ReadMemory at 0x7ffbbffb0000 of 64 bytes failed: Only part of a ReadProcessMemory or WriteProcessMemory request was completed. (0x12B)
[0607/201101.393:WARNING:pe_image_reader.cc(340)] could not read dos header from C:\WINDOWS\SYSTEM32\RTWorkQ.DLL
[0607/201101.393:ERROR:process_memory_win.cc(73)] ReadMemory at 0x7ffb8f520000 of 64 bytes failed: Only part of a ReadProcessMemory or WriteProcessMemory request was completed. (0x12B)
[0607/201101.393:WARNING:pe_image_reader.cc(340)] could not read dos header from C:\WINDOWS\SYSTEM32\msmpeg2vdec.dll
[0607/201101.393:ERROR:process_memory_win.cc(73)] ReadMemory at 0x7ffb92a10000 of 64 bytes failed: Only part of a ReadProcessMemory or WriteProcessMemory request was completed. (0x12B)
[0607/201101.393:WARNING:pe_image_reader.cc(340)] could not read dos header from C:\WINDOWS\SYSTEM32\mfperfhelper.dll
[0607/201101.393:ERROR:process_memory_win.cc(73)] ReadMemory at 0x7ffb9d7d0000 of 64 bytes failed: Only part of a ReadProcessMemory or WriteProcessMemory request was completed. (0x12B)
[0607/201101.393:WARNING:pe_image_reader.cc(340)] could not read dos header from C:\WINDOWS\SYSTEM32\dxva2.dll
[0607/201101.393:ERROR:process_memory_win.cc(73)] ReadMemory at 0x7ffb90800000 of 64 bytes failed: Only part of a ReadProcessMemory or WriteProcessMemory request was completed. (0x12B)
[0607/201101.393:WARNING:pe_image_reader.cc(340)] could not read dos header from C:\WINDOWS\SYSTEM32\msvproc.dll
[0607/201101.393:ERROR:process_memory_win.cc(73)] ReadMemory at 0x7ffbbf610000 of 64 bytes failed: Only part of a ReadProcessMemory or WriteProcessMemory request was completed. (0x12B)
[0607/201101.393:WARNING:pe_image_reader.cc(340)] could not read dos header from C:\WINDOWS\SYSTEM32\CompPkgSup.DLL
[0607/201101.393:ERROR:process_memory_win.cc(73)] ReadMemory at 0x7ffbc2660000 of 64 bytes failed: Only part of a ReadProcessMemory or WriteProcessMemory request was completed. (0x12B)
[0607/201101.393:WARNING:pe_image_reader.cc(340)] could not read dos header from C:\WINDOWS\SYSTEM32\D3DCompiler_47.dll
[0607/201101.393:ERROR:process_memory_win.cc(73)] ReadMemory at 0x7ffb7be20000 of 64 bytes failed: Only part of a ReadProcessMemory or WriteProcessMemory request was completed. (0x12B)
[0607/201101.393:WARNING:pe_image_reader.cc(340)] could not read dos header from C:\Program Files (x86)\Google\Chrome\Application\75.0.3770.80\libglesv2.dll
[0607/201101.393:ERROR:process_memory_win.cc(73)] ReadMemory at 0x7ffb94100000 of 64 bytes failed: Only part of a ReadProcessMemory or WriteProcessMemory request was completed. (0x12B)
[0607/201101.393:WARNING:pe_image_reader.cc(340)] could not read dos header from C:\Program Files (x86)\Google\Chrome\Application\75.0.3770.80\libegl.dll
[0607/201101.393:ERROR:process_memory_win.cc(73)] ReadMemory at 0x7ffbc40c0000 of 64 bytes failed: Only part of a ReadProcessMemory or WriteProcessMemory request was completed. (0x12B)
[0607/201101.393:WARNING:pe_image_reader.cc(340)] could not read dos header from C:\WINDOWS\SYSTEM32\dwmapi.dll
[0607/201101.393:ERROR:process_memory_win.cc(73)] ReadMemory at 0x7ffbc2d90000 of 64 bytes failed: Only part of a ReadProcessMemory or WriteProcessMemory request was completed. (0x12B)
[0607/201101.393:WARNING:pe_image_reader.cc(340)] could not read dos header from C:\WINDOWS\SYSTEM32\d3d11.dll
[0607/201101.393:ERROR:process_memory_win.cc(73)] ReadMemory at 0x7ffbc39a0000 of 64 bytes failed: Only part of a ReadProcessMemory or WriteProcessMemory request was completed. (0x12B)
[0607/201101.393:WARNING:pe_image_reader.cc(340)] could not read dos header from C:\WINDOWS\SYSTEM32\dcomp.dll
[0607/201101.393:ERROR:process_memory_win.cc(73)] ReadMemory at 0x7ffbba710000 of 64 bytes failed: Only part of a ReadProcessMemory or WriteProcessMemory request was completed. (0x12B)
[0607/201101.393:WARNING:pe_image_reader.cc(340)] could not read dos header from C:\WINDOWS\System32\DriverStore\FileRepository\ki127176.inf_amd64_86c658cabfb17c9c\igd10iumd64.dll
[0607/201101.394:ERROR:process_memory_win.cc(73)] ReadMemory at 0x7ffbc5520000 of 64 bytes failed: Only part of a ReadProcessMemory or WriteProcessMemory request was completed. (0x12B)
[0607/201101.394:WARNING:pe_image_reader.cc(340)] could not read dos header from C:\WINDOWS\SYSTEM32\ncrypt.dll
[0607/201101.394:ERROR:process_memory_win.cc(73)] ReadMemory at 0x7ffbc54e0000 of 64 bytes failed: Only part of a ReadProcessMemory or WriteProcessMemory request was completed. (0x12B)
[0607/201101.394:WARNING:pe_image_reader.cc(340)] could not read dos header from C:\WINDOWS\SYSTEM32\NTASN1.dll
[0607/201101.394:ERROR:process_memory_win.cc(73)] ReadMemory at 0x7ffbb8860000 of 64 bytes failed: Only part of a ReadProcessMemory or WriteProcessMemory request was completed. (0x12B)
[0607/201101.394:WARNING:pe_image_reader.cc(340)] could not read dos header from C:\WINDOWS\System32\DriverStore\FileRepository\ki127176.inf_amd64_86c658cabfb17c9c\igc64.dll
[0607/201101.394:ERROR:process_memory_win.cc(73)] ReadMemory at 0x7ffbc95c0000 of 64 bytes failed: Only part of a ReadProcessMemory or WriteProcessMemory request was completed. (0x12B)
[0607/201101.394:WARNING:pe_image_reader.cc(340)] could not read dos header from C:\WINDOWS\System32\clbcatq.dll
[0607/201101.394:ERROR:process_memory_win.cc(73)] ReadMemory at 0x7ffbc1d30000 of 64 bytes failed: Only part of a ReadProcessMemory or WriteProcessMemory request was completed. (0x12B)
[0607/201101.394:WARNING:pe_image_reader.cc(340)] could not read dos header from C:\Windows\System32\WinTypes.dll
[0607/201101.394:ERROR:process_memory_win.cc(73)] ReadMemory at 0x7ffb71630000 of 64 bytes failed: Only part of a ReadProcessMemory or WriteProcessMemory request was completed. (0x12B)
[0607/201101.394:WARNING:pe_image_reader.cc(340)] could not read dos header from C:\WINDOWS\System32\DriverStore\FileRepository\ki127176.inf_amd64_86c658cabfb17c9c\igd11dxva64.dll
[0607/201101.394:ERROR:process_memory_win.cc(73)] ReadMemory at 0x7ffb95de0000 of 64 bytes failed: Only part of a ReadProcessMemory or WriteProcessMemory request was completed. (0x12B)
[0607/201101.394:WARNING:pe_image_reader.cc(340)] could not read dos header from C:\Windows\System32\mfh264enc.dll
[0607/201101.394:ERROR:process_memory_win.cc(73)] ReadMemory at 0x7ffbc3ff0000 of 64 bytes failed: Only part of a ReadProcessMemory or WriteProcessMemory request was completed. (0x12B)
[0607/201101.394:WARNING:pe_image_reader.cc(340)] could not read dos header from C:\WINDOWS\system32\uxtheme.dll
[0607/201101.394:ERROR:process_memory_win.cc(73)] ReadMemory at 0x7ffbc9670000 of 64 bytes failed: Only part of a ReadProcessMemory or WriteProcessMemory request was completed. (0x12B)
[0607/201101.394:WARNING:pe_image_reader.cc(340)] could not read dos header from C:\WINDOWS\System32\MSCTF.dll
[0607/201101.394:ERROR:process_memory_win.cc(73)] ReadMemory at 0x7ffb868e0000 of 64 bytes failed: Only part of a ReadProcessMemory or WriteProcessMemory request was completed. (0x12B)
[0607/201101.394:WARNING:pe_image_reader.cc(340)] could not read dos header from C:\Windows\System32\Windows.Media.dll
[0607/201101.394:ERROR:process_memory_win.cc(73)] ReadMemory at 0x7ffbc4ba0000 of 64 bytes failed: Only part of a ReadProcessMemory or WriteProcessMemory request was completed. (0x12B)
[0607/201101.394:WARNING:pe_image_reader.cc(340)] could not read dos header from C:\WINDOWS\SYSTEM32\ntmarta.dll
[0607/201101.412:ERROR:process_memory_win.cc(73)] ReadMemory at 0x1cc9ed000 of 77824 bytes failed: Only part of a ReadProcessMemory or WriteProcessMemory request was completed. (0x12B)
[0607/201101.413:ERROR:process_memory_win.cc(73)] ReadMemory at 0x1ccbfd000 of 12288 bytes failed: Only part of a ReadProcessMemory or WriteProcessMemory request was completed. (0x12B)
[0607/201101.413:ERROR:process_memory_win.cc(73)] ReadMemory at 0x1ccdfd000 of 12288 bytes failed: Only part of a ReadProcessMemory or WriteProcessMemory request was completed. (0x12B)
[0607/201101.413:ERROR:process_memory_win.cc(73)] ReadMemory at 0x1ccffd000 of 12288 bytes failed: Only part of a ReadProcessMemory or WriteProcessMemory request was completed. (0x12B)
[0607/201101.413:ERROR:process_memory_win.cc(73)] ReadMemory at 0x1cd1fd000 of 12288 bytes failed: Only part of a ReadProcessMemory or WriteProcessMemory request was completed. (0x12B)
[0607/201101.413:ERROR:process_memory_win.cc(73)] ReadMemory at 0x1cd3fc000 of 16384 bytes failed: Only part of a ReadProcessMemory or WriteProcessMemory request was completed. (0x12B)
[0607/201101.414:ERROR:process_memory_win.cc(73)] ReadMemory at 0x1cd5fe000 of 8192 bytes failed: Only part of a ReadProcessMemory or WriteProcessMemory request was completed. (0x12B)
[0607/201101.414:ERROR:process_memory_win.cc(73)] ReadMemory at 0x1cd7fb000 of 20480 bytes failed: Only part of a ReadProcessMemory or WriteProcessMemory request was completed. (0x12B)
[0607/201101.414:ERROR:process_memory_win.cc(73)] ReadMemory at 0x1cddfd000 of 12288 bytes failed: Only part of a ReadProcessMemory or WriteProcessMemory request was completed. (0x12B)
[0607/201101.414:ERROR:process_memory_win.cc(73)] ReadMemory at 0x1ce1fc000 of 16384 bytes failed: Only part of a ReadProcessMemory or WriteProcessMemory request was completed. (0x12B)
[0607/201101.414:ERROR:process_memory_win.cc(73)] ReadMemory at 0x1cd9fd000 of 12288 bytes failed: Only part of a ReadProcessMemory or WriteProcessMemory request was completed. (0x12B)
[0607/201101.414:ERROR:process_memory_win.cc(73)] ReadMemory at 0x1cdffe000 of 8192 bytes failed: Only part of a ReadProcessMemory or WriteProcessMemory request was completed. (0x12B)
[0607/201101.414:ERROR:process_memory_win.cc(73)] ReadMemory at 0x1ce7fd000 of 12288 bytes failed: Only part of a ReadProcessMemory or WriteProcessMemory request was completed. (0x12B)
[0607/201101.415:ERROR:process_memory_win.cc(73)] ReadMemory at 0x1cc674000 of 6024 bytes failed: Only part of a ReadProcessMemory or WriteProcessMemory request was completed. (0x12B)
[0607/201101.415:ERROR:process_memory_win.cc(73)] ReadMemory at 0x1cc6ba000 of 6024 bytes failed: Only part of a ReadProcessMemory or WriteProcessMemory request was completed. (0x12B)
[0607/201101.415:ERROR:process_memory_win.cc(73)] ReadMemory at 0x1cc6ca000 of 6024 bytes failed: Only part of a ReadProcessMemory or WriteProcessMemory request was completed. (0x12B)
[0607/201101.415:ERROR:process_memory_win.cc(73)] ReadMemory at 0x1cc6da000 of 852 bytes failed: Only part of a ReadProcessMemory or WriteProcessMemory request was completed. (0x12B)
[0607/201101.415:ERROR:process_memory_win.cc(73)] ReadMemory at 0x1cc6db000 of 6024 bytes failed: Only part of a ReadProcessMemory or WriteProcessMemory request was completed. (0x12B)
[0607/201101.415:ERROR:process_memory_win.cc(73)] ReadMemory at 0x1cc6dd000 of 6024 bytes failed: Only part of a ReadProcessMemory or WriteProcessMemory request was completed. (0x12B)
[0607/201101.415:ERROR:process_memory_win.cc(73)] ReadMemory at 0x1cc6df000 of 6024 bytes failed: Only part of a ReadProcessMemory or WriteProcessMemory request was completed. (0x12B)
[0607/201101.415:ERROR:process_memory_win.cc(73)] ReadMemory at 0x1cc6e1000 of 6024 bytes failed: Only part of a ReadProcessMemory or WriteProcessMemory request was completed. (0x12B)
[0607/201101.415:ERROR:process_memory_win.cc(73)] ReadMemory at 0x1cc6e3000 of 6024 bytes failed: Only part of a ReadProcessMemory or WriteProcessMemory request was completed. (0x12B)
[0607/201101.416:ERROR:process_memory_win.cc(73)] ReadMemory at 0x1cc6e5000 of 6024 bytes failed: Only part of a ReadProcessMemory or WriteProcessMemory request was completed. (0x12B)
[0607/201101.416:ERROR:process_memory_win.cc(73)] ReadMemory at 0x1cc6e7000 of 6024 bytes failed: Only part of a ReadProcessMemory or WriteProcessMemory request was completed. (0x12B)
[0607/201101.416:ERROR:process_memory_win.cc(73)] ReadMemory at 0x1cc6e9000 of 6024 bytes failed: Only part of a ReadProcessMemory or WriteProcessMemory request was completed. (0x12B)
[0607/201101.416:ERROR:process_memory_win.cc(73)] ReadMemory at 0x1cc6ef000 of 6024 bytes failed: Only part of a ReadProcessMemory or WriteProcessMemory request was completed. (0x12B)
[0607/201101.416:ERROR:process_memory_win.cc(73)] ReadMemory at 0x1cc707000 of 6024 bytes failed: Only part of a ReadProcessMemory or WriteProcessMemory request was completed. (0x12B)
[0607/201101.416:ERROR:process_memory_win.cc(73)] ReadMemory at 0x187512a0ad0 of 512 bytes failed: Only part of a ReadProcessMemory or WriteProcessMemory request was completed. (0x12B)
[0607/201101.416:ERROR:process_memory_win.cc(73)] ReadMemory at 0x187512a0fe0 of 4666 bytes failed: Only part of a ReadProcessMemory or WriteProcessMemory request was completed. (0x12B)
[0607/201101.416:ERROR:process_memory_win.cc(73)] ReadMemory at 0x187512a2230 of 1012 bytes failed: Only part of a ReadProcessMemory or WriteProcessMemory request was completed. (0x12B)
[0607/201101.416:ERROR:process_memory_win.cc(73)] ReadMemory at 0x187512a2858 of 118 bytes failed: Only part of a ReadProcessMemory or WriteProcessMemory request was completed. (0x12B)
[0607/201101.416:ERROR:process_memory_win.cc(73)] ReadMemory at 0x187512a28d0 of 990 bytes failed: Only part of a ReadProcessMemory or WriteProcessMemory request was completed. (0x12B)
[0607/201101.417:ERROR:process_memory_win.cc(73)] ReadMemory at 0x187512a2cb0 of 118 bytes failed: Only part of a ReadProcessMemory or WriteProcessMemory request was completed. (0x12B)
[0607/201101.417:ERROR:process_memory_win.cc(73)] ReadMemory at 0x187512a2d28 of 30 bytes failed: Only part of a ReadProcessMemory or WriteProcessMemory request was completed. (0x12B)
[0607/201101.417:ERROR:process_memory_win.cc(73)] ReadMemory at 0x187512a2d60 of 58 bytes failed: Only part of a ReadProcessMemory or WriteProcessMemory request was completed. (0x12B)
[0607/201101.417:ERROR:process_memory_win.cc(73)] ReadMemory at 0x187512a2e60 of 132 bytes failed: Only part of a ReadProcessMemory or WriteProcessMemory request was completed. (0x12B)
[0607/201101.417:ERROR:process_memory_win.cc(73)] ReadMemory at 0x187512a2ff0 of 132 bytes failed: Only part of a ReadProcessMemory or WriteProcessMemory request was completed. (0x12B)
[0607/201101.417:ERROR:process_memory_win.cc(73)] ReadMemory at 0x187512a3ca0 of 156 bytes failed: Only part of a ReadProcessMemory or WriteProcessMemory request was completed. (0x12B)
[0607/201101.417:ERROR:process_memory_win.cc(73)] ReadMemory at 0x187512a3d90 of 132 bytes failed: Only part of a ReadProcessMemory or WriteProcessMemory request was completed. (0x12B)
[0607/201101.417:ERROR:process_memory_win.cc(73)] ReadMemory at 0x187512a3f20 of 64 bytes failed: Only part of a ReadProcessMemory or WriteProcessMemory request was completed. (0x12B)
[0607/201101.417:ERROR:process_memory_win.cc(73)] ReadMemory at 0x187512a40e0 of 132 bytes failed: Only part of a ReadProcessMemory or WriteProcessMemory request was completed. (0x12B)
[0607/201101.417:ERROR:process_memory_win.cc(73)] ReadMemory at 0x187512a4210 of 62 bytes failed: Only part of a ReadProcessMemory or WriteProcessMemory request was completed. (0x12B)
[0607/201101.417:ERROR:process_memory_win.cc(73)] ReadMemory at 0x187512a4380 of 132 bytes failed: Only part of a ReadProcessMemory or WriteProcessMemory request was completed. (0x12B)
[0607/201101.417:ERROR:process_memory_win.cc(73)] ReadMemory at 0x187512a4510 of 68 bytes failed: Only part of a ReadProcessMemory or WriteProcessMemory request was completed. (0x12B)
[0607/201101.417:ERROR:process_memory_win.cc(73)] ReadMemory at 0x187512a9250 of 132 bytes failed: Only part of a ReadProcessMemory or WriteProcessMemory request was completed. (0x12B)
[0607/201101.417:ERROR:process_memory_win.cc(73)] ReadMemory at 0x187512a9710 of 132 bytes failed: Only part of a ReadProcessMemory or WriteProcessMemory request was completed. (0x12B)
[0607/201101.417:ERROR:process_memory_win.cc(73)] ReadMemory at 0x187512ac0e0 of 60 bytes failed: Only part of a ReadProcessMemory or WriteProcessMemory request was completed. (0x12B)
[0607/201101.418:ERROR:process_memory_win.cc(73)] ReadMemory at 0x187512ac300 of 132 bytes failed: Only part of a ReadProcessMemory or WriteProcessMemory request was completed. (0x12B)
[0607/201101.418:ERROR:process_memory_win.cc(73)] ReadMemory at 0x187512ac490 of 64 bytes failed: Only part of a ReadProcessMemory or WriteProcessMemory request was completed. (0x12B)
[0607/201101.418:ERROR:process_memory_win.cc(73)] ReadMemory at 0x187512ac6e0 of 132 bytes failed: Only part of a ReadProcessMemory or WriteProcessMemory request was completed. (0x12B)
[0607/201101.418:ERROR:process_memory_win.cc(73)] ReadMemory at 0x187512ac870 of 64 bytes failed: Only part of a ReadProcessMemory or WriteProcessMemory request was completed. (0x12B)
[0607/201101.418:ERROR:process_memory_win.cc(73)] ReadMemory at 0x187512acaa0 of 132 bytes failed: Only part of a ReadProcessMemory or WriteProcessMemory request was completed. (0x12B)
[0607/201101.418:ERROR:process_memory_win.cc(73)] ReadMemory at 0x187512acc30 of 60 bytes failed: Only part of a ReadProcessMemory or WriteProcessMemory request was completed. (0x12B)
[0607/201101.418:ERROR:process_memory_win.cc(73)] ReadMemory at 0x187512acee0 of 132 bytes failed: Only part of a ReadProcessMemory or WriteProcessMemory request was completed. (0x12B)
[0607/201101.418:ERROR:process_memory_win.cc(73)] ReadMemory at 0x187512ad0c0 of 60 bytes failed: Only part of a ReadProcessMemory or WriteProcessMemory request was completed. (0x12B)
[0607/201101.418:ERROR:process_memory_win.cc(73)] ReadMemory at 0x187512ad110 of 64 bytes failed: Only part of a ReadProcessMemory or WriteProcessMemory request was completed. (0x12B)
[0607/201101.418:ERROR:process_memory_win.cc(73)] ReadMemory at 0x187512ad1b0 of 66 bytes failed: Only part of a ReadProcessMemory or WriteProcessMemory request was completed. (0x12B)
[0607/201101.418:ERROR:process_memory_win.cc(73)] ReadMemory at 0x187512ad200 of 62 bytes failed: Only part of a ReadProcessMemory or WriteProcessMemory request was completed. (0x12B)
[0607/201101.418:ERROR:process_memory_win.cc(73)] ReadMemory at 0x187512ad250 of 64 bytes failed: Only part of a ReadProcessMemory or WriteProcessMemory request was completed. (0x12B)
[0607/201101.418:ERROR:process_memory_win.cc(73)] ReadMemory at 0x187512ad390 of 62 bytes failed: Only part of a ReadProcessMemory or WriteProcessMemory request was completed. (0x12B)
[0607/201101.420:ERROR:process_memory_win.cc(73)] ReadMemory at 0x187512ad430 of 60 bytes failed: Only part of a ReadProcessMemory or WriteProcessMemory request was completed. (0x12B)
[0607/201101.420:ERROR:process_memory_win.cc(73)] ReadMemory at 0x187512ad480 of 62 bytes failed: Only part of a ReadProcessMemory or WriteProcessMemory request was completed. (0x12B)
[0607/201101.420:ERROR:process_memory_win.cc(73)] ReadMemory at 0x187512ad4d0 of 58 bytes failed: Only part of a ReadProcessMemory or WriteProcessMemory request was completed. (0x12B)
[0607/201101.421:ERROR:process_memory_win.cc(73)] ReadMemory at 0x187512ad520 of 58 bytes failed: Only part of a ReadProcessMemory or WriteProcessMemory request was completed. (0x12B)
[0607/201101.421:ERROR:process_memory_win.cc(73)] ReadMemory at 0x187512ad610 of 62 bytes failed: Only part of a ReadProcessMemory or WriteProcessMemory request was completed. (0x12B)
[0607/201101.421:ERROR:process_memory_win.cc(73)] ReadMemory at 0x187512ad660 of 62 bytes failed: Only part of a ReadProcessMemory or WriteProcessMemory request was completed. (0x12B)
[0607/201101.421:ERROR:process_memory_win.cc(73)] ReadMemory at 0x187512ad750 of 62 bytes failed: Only part of a ReadProcessMemory or WriteProcessMemory request was completed. (0x12B)
[0607/201101.421:ERROR:process_memory_win.cc(73)] ReadMemory at 0x187512ad7a0 of 66 bytes failed: Only part of a ReadProcessMemory or WriteProcessMemory request was completed. (0x12B)
[0607/201101.421:ERROR:process_memory_win.cc(73)] ReadMemory at 0x187512ad7f0 of 60 bytes failed: Only part of a ReadProcessMemory or WriteProcessMemory request was completed. (0x12B)
[0607/201101.422:ERROR:process_memory_win.cc(73)] ReadMemory at 0x187512ada40 of 132 bytes failed: Only part of a ReadProcessMemory or WriteProcessMemory request was completed. (0x12B)
[0607/201101.422:ERROR:process_memory_win.cc(73)] ReadMemory at 0x187512ade70 of 132 bytes failed: Only part of a ReadProcessMemory or WriteProcessMemory request was completed. (0x12B)
[0607/201101.422:ERROR:process_memory_win.cc(73)] ReadMemory at 0x187512ae110 of 78 bytes failed: Only part of a ReadProcessMemory or WriteProcessMemory request was completed. (0x12B)
[0607/201101.422:ERROR:process_memory_win.cc(73)] ReadMemory at 0x187512ae350 of 76 bytes failed: Only part of a ReadProcessMemory or WriteProcessMemory request was completed. (0x12B)
[0607/201101.422:ERROR:process_memory_win.cc(73)] ReadMemory at 0x187512ae410 of 80 bytes failed: Only part of a ReadProcessMemory or WriteProcessMemory request was completed. (0x12B)
[0607/201101.424:ERROR:process_memory_win.cc(73)] ReadMemory at 0x187512ae940 of 132 bytes failed: Only part of a ReadProcessMemory or WriteProcessMemory request was completed. (0x12B)
[0607/201101.424:ERROR:process_memory_win.cc(73)] ReadMemory at 0x187512af560 of 150 bytes failed: Only part of a ReadProcessMemory or WriteProcessMemory request was completed. (0x12B)
[0607/201101.424:ERROR:process_memory_win.cc(73)] ReadMemory at 0x187512af650 of 132 bytes failed: Only part of a ReadProcessMemory or WriteProcessMemory request was completed. (0x12B)
[0607/201101.424:ERROR:process_memory_win.cc(73)] ReadMemory at 0x187512af9c0 of 132 bytes failed: Only part of a ReadProcessMemory or WriteProcessMemory request was completed. (0x12B)
[0607/201101.424:ERROR:process_memory_win.cc(73)] ReadMemory at 0x187512afaf0 of 132 bytes failed: Only part of a ReadProcessMemory or WriteProcessMemory request was completed. (0x12B)
[0607/201101.425:ERROR:process_memory_win.cc(73)] ReadMemory at 0x187512afc20 of 132 bytes failed: Only part of a ReadProcessMemory or WriteProcessMemory request was completed. (0x12B)
[0607/201101.425:ERROR:process_memory_win.cc(73)] ReadMemory at 0x187512afd50 of 132 bytes failed: Only part of a ReadProcessMemory or WriteProcessMemory request was completed. (0x12B)
[0607/201101.425:ERROR:process_memory_win.cc(73)] ReadMemory at 0x187512afe80 of 132 bytes failed: Only part of a ReadProcessMemory or WriteProcessMemory request was completed. (0x12B)
[0607/201101.425:ERROR:process_memory_win.cc(73)] ReadMemory at 0x187512affb0 of 132 bytes failed: Only part of a ReadProcessMemory or WriteProcessMemory request was completed. (0x12B)
[0607/201101.425:ERROR:process_memory_win.cc(73)] ReadMemory at 0x187512b00e0 of 132 bytes failed: Only part of a ReadProcessMemory or WriteProcessMemory request was completed. (0x12B)
[0607/201101.425:ERROR:process_memory_win.cc(73)] ReadMemory at 0x187512b0210 of 132 bytes failed: Only part of a ReadProcessMemory or WriteProcessMemory request was completed. (0x12B)
[0607/201101.425:ERROR:process_memory_win.cc(73)] ReadMemory at 0x187512b0340 of 132 bytes failed: Only part of a ReadProcessMemory or WriteProcessMemory request was completed. (0x12B)
[0607/201101.425:ERROR:process_memory_win.cc(73)] ReadMemory at 0x187512b0470 of 132 bytes failed: Only part of a ReadProcessMemory or WriteProcessMemory request was completed. (0x12B)
[0607/201101.425:ERROR:process_memory_win.cc(73)] ReadMemory at 0x187512b05a0 of 132 bytes failed: Only part of a ReadProcessMemory or WriteProcessMemory request was completed. (0x12B)
[0607/201101.425:ERROR:process_memory_win.cc(73)] ReadMemory at 0x187512b06d0 of 132 bytes failed: Only part of a ReadProcessMemory or WriteProcessMemory request was completed. (0x12B)
[0607/201101.425:ERROR:process_memory_win.cc(73)] ReadMemory at 0x187512b0800 of 132 bytes failed: Only part of a ReadProcessMemory or WriteProcessMemory request was completed. (0x12B)
[0607/201101.426:ERROR:process_memory_win.cc(73)] ReadMemory at 0x187512b2ed0 of 132 bytes failed: Only part of a ReadProcessMemory or WriteProcessMemory request was completed. (0x12B)
[0607/201101.426:ERROR:process_memory_win.cc(73)] ReadMemory at 0x187512b3000 of 132 bytes failed: Only part of a ReadProcessMemory or WriteProcessMemory request was completed. (0x12B)
[0607/201101.426:ERROR:process_memory_win.cc(73)] ReadMemory at 0x187512b3130 of 132 bytes failed: Only part of a ReadProcessMemory or WriteProcessMemory request was completed. (0x12B)
[0607/201101.426:ERROR:process_memory_win.cc(73)] ReadMemory at 0x187512b3260 of 132 bytes failed: Only part of a ReadProcessMemory or WriteProcessMemory request was completed. (0x12B)
[0607/201101.426:ERROR:process_memory_win.cc(73)] ReadMemory at 0x187512b3390 of 132 bytes failed: Only part of a ReadProcessMemory or WriteProcessMemory request was completed. (0x12B)
[0607/201101.426:ERROR:process_memory_win.cc(73)] ReadMemory at 0x187512b34c0 of 132 bytes failed: Only part of a ReadProcessMemory or WriteProcessMemory request was completed. (0x12B)
[0607/201101.426:ERROR:process_memory_win.cc(73)] ReadMemory at 0x187512b3720 of 132 bytes failed: Only part of a ReadProcessMemory or WriteProcessMemory request was completed. (0x12B)
[0607/201101.426:ERROR:process_memory_win.cc(73)] ReadMemory at 0x187512b3850 of 132 bytes failed: Only part of a ReadProcessMemory or WriteProcessMemory request was completed. (0x12B)
[0607/201101.426:ERROR:process_memory_win.cc(73)] ReadMemory at 0x187512b3980 of 132 bytes failed: Only part of a ReadProcessMemory or WriteProcessMemory request was completed. (0x12B)
[0607/201101.427:ERROR:process_memory_win.cc(73)] ReadMemory at 0x187512b3ab0 of 132 bytes failed: Only part of a ReadProcessMemory or WriteProcessMemory request was completed. (0x12B)
[0607/201101.427:ERROR:process_memory_win.cc(73)] ReadMemory at 0x187512b3be0 of 132 bytes failed: Only part of a ReadProcessMemory or WriteProcessMemory request was completed. (0x12B)
[0607/201101.427:ERROR:process_memory_win.cc(73)] ReadMemory at 0x187512b3d10 of 132 bytes failed: Only part of a ReadProcessMemory or WriteProcessMemory request was completed. (0x12B)
[0607/201101.427:ERROR:process_memory_win.cc(73)] ReadMemory at 0x187512b3e40 of 132 bytes failed: Only part of a ReadProcessMemory or WriteProcessMemory request was completed. (0x12B)
[0607/201101.427:ERROR:process_memory_win.cc(73)] ReadMemory at 0x187512b3f70 of 132 bytes failed: Only part of a ReadProcessMemory or WriteProcessMemory request was completed. (0x12B)
[0607/201101.427:ERROR:process_memory_win.cc(73)] ReadMemory at 0x187512b40a0 of 132 bytes failed: Only part of a ReadProcessMemory or WriteProcessMemory request was completed. (0x12B)
[0607/201101.427:ERROR:process_memory_win.cc(73)] ReadMemory at 0x187512b41d0 of 132 bytes failed: Only part of a ReadProcessMemory or WriteProcessMemory request was completed. (0x12B)
[0607/201101.427:ERROR:process_memory_win.cc(73)] ReadMemory at 0x187512b4300 of 132 bytes failed: Only part of a ReadProcessMemory or WriteProcessMemory request was completed. (0x12B)
[0607/201101.427:ERROR:process_memory_win.cc(73)] ReadMemory at 0x187512b4430 of 132 bytes failed: Only part of a ReadProcessMemory or WriteProcessMemory request was completed. (0x12B)
[0607/201101.427:ERROR:process_memory_win.cc(73)] ReadMemory at 0x187512b4560 of 132 bytes failed: Only part of a ReadProcessMemory or WriteProcessMemory request was completed. (0x12B)
[0607/201101.427:ERROR:process_memory_win.cc(73)] ReadMemory at 0x187512b4690 of 132 bytes failed: Only part of a ReadProcessMemory or WriteProcessMemory request was completed. (0x12B)
[0607/201101.428:ERROR:process_memory_win.cc(73)] ReadMemory at 0x187512b47c0 of 132 bytes failed: Only part of a ReadProcessMemory or WriteProcessMemory request was completed. (0x12B)
[0607/201101.428:ERROR:process_memory_win.cc(73)] ReadMemory at 0x187512b48f0 of 132 bytes failed: Only part of a ReadProcessMemory or WriteProcessMemory request was completed. (0x12B)
[0607/201101.428:ERROR:process_memory_win.cc(73)] ReadMemory at 0x187512b4a20 of 132 bytes failed: Only part of a ReadProcessMemory or WriteProcessMemory request was completed. (0x12B)
[0607/201101.428:ERROR:process_memory_win.cc(73)] ReadMemory at 0x187512b4b50 of 132 bytes failed: Only part of a ReadProcessMemory or WriteProcessMemory request was completed. (0x12B)
[0607/201101.428:ERROR:process_memory_win.cc(73)] ReadMemory at 0x187512b4c80 of 132 bytes failed: Only part of a ReadProcessMemory or WriteProcessMemory request was completed. (0x12B)
[0607/201101.428:ERROR:process_memory_win.cc(73)] ReadMemory at 0x187512b4e90 of 152 bytes failed: Only part of a ReadProcessMemory or WriteProcessMemory request was completed. (0x12B)
[0607/201101.428:ERROR:process_memory_win.cc(73)] ReadMemory at 0x187512b6660 of 80 bytes failed: Only part of a ReadProcessMemory or WriteProcessMemory request was completed. (0x12B)
[0607/201101.428:ERROR:process_memory_win.cc(73)] ReadMemory at 0x187512b708a of 512 bytes failed: Only part of a ReadProcessMemory or WriteProcessMemory request was completed. (0x12B)
[0607/201101.428:ERROR:process_memory_win.cc(73)] ReadMemory at 0x187512b7c10 of 66 bytes failed: Only part of a ReadProcessMemory or WriteProcessMemory request was completed. (0x12B)
[0607/201101.428:ERROR:process_memory_win.cc(73)] ReadMemory at 0x187512b7c60 of 62 bytes failed: Only part of a ReadProcessMemory or WriteProcessMemory request was completed. (0x12B)
[0607/201101.429:ERROR:process_memory_win.cc(73)] ReadMemory at 0x187512b7d00 of 58 bytes failed: Only part of a ReadProcessMemory or WriteProcessMemory request was completed. (0x12B)
[0607/201101.429:ERROR:process_memory_win.cc(73)] ReadMemory at 0x187512b8520 of 66 bytes failed: Only part of a ReadProcessMemory or WriteProcessMemory request was completed. (0x12B)
[0607/201101.429:ERROR:process_memory_win.cc(73)] ReadMemory at 0x187512c2e60 of 54 bytes failed: Only part of a ReadProcessMemory or WriteProcessMemory request was completed. (0x12B)
[0607/201101.429:ERROR:process_memory_win.cc(73)] ReadMemory at 0x187512c6f80 of 58 bytes failed: Only part of a ReadProcessMemory or WriteProcessMemory request was completed. (0x12B)
[0607/201101.429:ERROR:process_memory_win.cc(73)] ReadMemory at 0x187512c6fd0 of 64 bytes failed: Only part of a ReadProcessMemory or WriteProcessMemory request was completed. (0x12B)
[0607/201101.429:ERROR:process_memory_win.cc(73)] ReadMemory at 0x187512c7070 of 60 bytes failed: Only part of a ReadProcessMemory or WriteProcessMemory request was completed. (0x12B)
[0607/201101.429:ERROR:process_memory_win.cc(73)] ReadMemory at 0x187512c70c0 of 64 bytes failed: Only part of a ReadProcessMemory or WriteProcessMemory request was completed. (0x12B)
[0607/201101.429:ERROR:process_memory_win.cc(73)] ReadMemory at 0x187512c7110 of 64 bytes failed: Only part of a ReadProcessMemory or WriteProcessMemory request was completed. (0x12B)
[0607/201101.429:ERROR:process_memory_win.cc(73)] ReadMemory at 0x187512c71b0 of 60 bytes failed: Only part of a ReadProcessMemory or WriteProcessMemory request was completed. (0x12B)
[0607/201101.429:ERROR:process_memory_win.cc(73)] ReadMemory at 0x187512c7200 of 64 bytes failed: Only part of a ReadProcessMemory or WriteProcessMemory request was completed. (0x12B)
[0607/201101.430:ERROR:process_memory_win.cc(73)] ReadMemory at 0x187512c7390 of 60 bytes failed: Only part of a ReadProcessMemory or WriteProcessMemory request was completed. (0x12B)
[0607/201101.430:ERROR:process_memory_win.cc(73)] ReadMemory at 0x187512c7480 of 62 bytes failed: Only part of a ReadProcessMemory or WriteProcessMemory request was completed. (0x12B)
[0607/201101.430:ERROR:process_memory_win.cc(73)] ReadMemory at 0x187512c7520 of 68 bytes failed: Only part of a ReadProcessMemory or WriteProcessMemory request was completed. (0x12B)
[0607/201101.430:ERROR:process_memory_win.cc(73)] ReadMemory at 0x187512c75c0 of 62 bytes failed: Only part of a ReadProcessMemory or WriteProcessMemory request was completed. (0x12B)
[0607/201101.430:ERROR:process_memory_win.cc(73)] ReadMemory at 0x187512c7750 of 62 bytes failed: Only part of a ReadProcessMemory or WriteProcessMemory request was completed. (0x12B)
[0607/201101.430:ERROR:process_memory_win.cc(73)] ReadMemory at 0x187512c7840 of 56 bytes failed: Only part of a ReadProcessMemory or WriteProcessMemory request was completed. (0x12B)
[0607/201101.430:ERROR:process_memory_win.cc(73)] ReadMemory at 0x187512c7890 of 60 bytes failed: Only part of a ReadProcessMemory or WriteProcessMemory request was completed. (0x12B)
[0607/201101.430:ERROR:process_memory_win.cc(73)] ReadMemory at 0x187512c7980 of 64 bytes failed: Only part of a ReadProcessMemory or WriteProcessMemory request was completed. (0x12B)
[0607/201101.430:ERROR:process_memory_win.cc(73)] ReadMemory at 0x187512c79d0 of 58 bytes failed: Only part of a ReadProcessMemory or WriteProcessMemory request was completed. (0x12B)
[0607/201101.430:ERROR:process_memory_win.cc(73)] ReadMemory at 0x187512c7a20 of 60 bytes failed: Only part of a ReadProcessMemory or WriteProcessMemory request was completed. (0x12B)
[0607/201101.430:ERROR:process_memory_win.cc(73)] ReadMemory at 0x187512c7ac0 of 64 bytes failed: Only part of a ReadProcessMemory or WriteProcessMemory request was completed. (0x12B)
[0607/201101.430:ERROR:process_memory_win.cc(73)] ReadMemory at 0x187512c7bb0 of 62 bytes failed: Only part of a ReadProcessMemory or WriteProcessMemory request was completed. (0x12B)
[0607/201101.431:ERROR:process_memory_win.cc(73)] ReadMemory at 0x187512c7c00 of 64 bytes failed: Only part of a ReadProcessMemory or WriteProcessMemory request was completed. (0x12B)
[0607/201101.431:ERROR:process_memory_win.cc(73)] ReadMemory at 0x187512c7c50 of 62 bytes failed: Only part of a ReadProcessMemory or WriteProcessMemory request was completed. (0x12B)
[0607/201101.431:ERROR:process_memory_win.cc(73)] ReadMemory at 0x187512c7d90 of 64 bytes failed: Only part of a ReadProcessMemory or WriteProcessMemory request was completed. (0x12B)
[0607/201101.431:ERROR:process_memory_win.cc(73)] ReadMemory at 0x187512c7de0 of 62 bytes failed: Only part of a ReadProcessMemory or WriteProcessMemory request was completed. (0x12B)
[0607/201101.431:ERROR:process_memory_win.cc(73)] ReadMemory at 0x187512c7e80 of 60 bytes failed: Only part of a ReadProcessMemory or WriteProcessMemory request was completed. (0x12B)
[0607/201101.431:ERROR:process_memory_win.cc(73)] ReadMemory at 0x187512c7f40 of 132 bytes failed: Only part of a ReadProcessMemory or WriteProcessMemory request was completed. (0x12B)
[0607/201101.431:ERROR:process_memory_win.cc(73)] ReadMemory at 0x187512c8070 of 132 bytes failed: Only part of a ReadProcessMemory or WriteProcessMemory request was completed. (0x12B)
[0607/201101.431:ERROR:process_memory_win.cc(73)] ReadMemory at 0x187512c81a0 of 132 bytes failed: Only part of a ReadProcessMemory or WriteProcessMemory request was completed. (0x12B)
[0607/201101.431:ERROR:process_memory_win.cc(73)] ReadMemory at 0x187512c82d0 of 132 bytes failed: Only part of a ReadProcessMemory or WriteProcessMemory request was completed. (0x12B)
[0607/201101.431:ERROR:process_memory_win.cc(73)] ReadMemory at 0x187512c8400 of 132 bytes failed: Only part of a ReadProcessMemory or WriteProcessMemory request was completed. (0x12B)
[0607/201101.431:ERROR:process_memory_win.cc(73)] ReadMemory at 0x187512c8530 of 132 bytes failed: Only part of a ReadProcessMemory or WriteProcessMemory request was completed. (0x12B)
[0607/201101.431:ERROR:process_memory_win.cc(73)] ReadMemory at 0x187512c8790 of 132 bytes failed: Only part of a ReadProcessMemory or WriteProcessMemory request was completed. (0x12B)
[0607/201101.432:ERROR:process_memory_win.cc(73)] ReadMemory at 0x187512c88c0 of 132 bytes failed: Only part of a ReadProcessMemory or WriteProcessMemory request was completed. (0x12B)
[0607/201101.432:ERROR:process_memory_win.cc(73)] ReadMemory at 0x187512c89f0 of 132 bytes failed: Only part of a ReadProcessMemory or WriteProcessMemory request was completed. (0x12B)
[0607/201101.432:ERROR:process_memory_win.cc(73)] ReadMemory at 0x187512c8b20 of 132 bytes failed: Only part of a ReadProcessMemory or WriteProcessMemory request was completed. (0x12B)
[0607/201101.432:ERROR:process_memory_win.cc(73)] ReadMemory at 0x187512c8c50 of 132 bytes failed: Only part of a ReadProcessMemory or WriteProcessMemory request was completed. (0x12B)
[0607/201101.432:ERROR:process_memory_win.cc(73)] ReadMemory at 0x187512c8d80 of 132 bytes failed: Only part of a ReadProcessMemory or WriteProcessMemory request was completed. (0x12B)
[0607/201101.433:ERROR:process_memory_win.cc(73)] ReadMemory at 0x187512c8eb0 of 132 bytes failed: Only part of a ReadProcessMemory or WriteProcessMemory request was completed. (0x12B)
[0607/201101.433:ERROR:process_memory_win.cc(73)] ReadMemory at 0x187512c8fe0 of 132 bytes failed: Only part of a ReadProcessMemory or WriteProcessMemory request was completed. (0x12B)
[0607/201101.433:ERROR:process_memory_win.cc(73)] ReadMemory at 0x187512c9110 of 132 bytes failed: Only part of a ReadProcessMemory or WriteProcessMemory request was completed. (0x12B)
[0607/201101.433:ERROR:process_memory_win.cc(73)] ReadMemory at 0x187512c9240 of 132 bytes failed: Only part of a ReadProcessMemory or WriteProcessMemory request was completed. (0x12B)
[0607/201101.434:ERROR:process_memory_win.cc(73)] ReadMemory at 0x187512c9370 of 132 bytes failed: Only part of a ReadProcessMemory or WriteProcessMemory request was completed. (0x12B)
[0607/201101.434:ERROR:process_memory_win.cc(73)] ReadMemory at 0x187512c95d0 of 132 bytes failed: Only part of a ReadProcessMemory or WriteProcessMemory request was completed. (0x12B)
[0607/201101.434:ERROR:process_memory_win.cc(73)] ReadMemory at 0x187512c9700 of 132 bytes failed: Only part of a ReadProcessMemory or WriteProcessMemory request was completed. (0x12B)
[0607/201101.434:ERROR:process_memory_win.cc(73)] ReadMemory at 0x187512c9830 of 132 bytes failed: Only part of a ReadProcessMemory or WriteProcessMemory request was completed. (0x12B)
[0607/201101.434:ERROR:process_memory_win.cc(73)] ReadMemory at 0x187512c9960 of 132 bytes failed: Only part of a ReadProcessMemory or WriteProcessMemory request was completed. (0x12B)
[0607/201101.435:ERROR:process_memory_win.cc(73)] ReadMemory at 0x187512c9a90 of 132 bytes failed: Only part of a ReadProcessMemory or WriteProcessMemory request was completed. (0x12B)
[0607/201101.435:ERROR:process_memory_win.cc(73)] ReadMemory at 0x187512c9bc0 of 132 bytes failed: Only part of a ReadProcessMemory or WriteProcessMemory request was completed. (0x12B)
[0607/201101.435:ERROR:process_memory_win.cc(73)] ReadMemory at 0x187512c9cf0 of 132 bytes failed: Only part of a ReadProcessMemory or WriteProcessMemory request was completed. (0x12B)
[0607/201101.435:ERROR:process_memory_win.cc(73)] ReadMemory at 0x187512cab70 of 246 bytes failed: Only part of a ReadProcessMemory or WriteProcessMemory request was completed. (0x12B)
[0607/201101.435:ERROR:process_memory_win.cc(73)] ReadMemory at 0x187512cb4a0 of 72 bytes failed: Only part of a ReadProcessMemory or WriteProcessMemory request was completed. (0x12B)
[0607/201101.436:ERROR:process_memory_win.cc(73)] ReadMemory at 0x187512cbc20 of 76 bytes failed: Only part of a ReadProcessMemory or WriteProcessMemory request was completed. (0x12B)
[0607/201101.436:ERROR:process_memory_win.cc(73)] ReadMemory at 0x187512d34e0 of 60 bytes failed: Only part of a ReadProcessMemory or WriteProcessMemory request was completed. (0x12B)
[0607/201101.436:ERROR:process_memory_win.cc(73)] ReadMemory at 0x187512d35d0 of 64 bytes failed: Only part of a ReadProcessMemory or WriteProcessMemory request was completed. (0x12B)
[0607/201101.436:ERROR:process_memory_win.cc(73)] ReadMemory at 0x187512d3620 of 60 bytes failed: Only part of a ReadProcessMemory or WriteProcessMemory request was completed. (0x12B)
[0607/201101.437:ERROR:process_memory_win.cc(73)] ReadMemory at 0x187512d3760 of 62 bytes failed: Only part of a ReadProcessMemory or WriteProcessMemory request was completed. (0x12B)
[0607/201101.437:ERROR:process_memory_win.cc(73)] ReadMemory at 0x187512d7a50 of 52 bytes failed: Only part of a ReadProcessMemory or WriteProcessMemory request was completed. (0x12B)
[0607/201101.437:ERROR:process_memory_win.cc(73)] ReadMemory at 0x187512ee430 of 144 bytes failed: Only part of a ReadProcessMemory or WriteProcessMemory request was completed. (0x12B)
[0607/201101.437:ERROR:process_memory_win.cc(73)] ReadMemory at 0x187512f19a0 of 68 bytes failed: Only part of a ReadProcessMemory or WriteProcessMemory request was completed. (0x12B)
[0607/201101.437:ERROR:process_memory_win.cc(73)] ReadMemory at 0x187512f1e50 of 62 bytes failed: Only part of a ReadProcessMemory or WriteProcessMemory request was completed. (0x12B)
[0607/201101.437:ERROR:process_memory_win.cc(73)] ReadMemory at 0x187512f25d0 of 58 bytes failed: Only part of a ReadProcessMemory or WriteProcessMemory request was completed. (0x12B)
[0607/201101.437:ERROR:process_memory_win.cc(73)] ReadMemory at 0x187512f2620 of 60 bytes failed: Only part of a ReadProcessMemory or WriteProcessMemory request was completed. (0x12B)
[0607/201101.438:ERROR:process_memory_win.cc(73)] ReadMemory at 0x187512f27b0 of 70 bytes failed: Only part of a ReadProcessMemory or WriteProcessMemory request was completed. (0x12B)
[0607/201101.438:ERROR:process_memory_win.cc(73)] ReadMemory at 0x187512f6910 of 124 bytes failed: Only part of a ReadProcessMemory or WriteProcessMemory request was completed. (0x12B)
[0607/201101.438:ERROR:process_memory_win.cc(73)] ReadMemory at 0x18751307d70 of 60 bytes failed: Only part of a ReadProcessMemory or WriteProcessMemory request was completed. (0x12B)
[0607/201101.438:ERROR:process_memory_win.cc(73)] ReadMemory at 0x187513084a0 of 58 bytes failed: Only part of a ReadProcessMemory or WriteProcessMemory request was completed. (0x12B)
[0607/201101.438:ERROR:process_memory_win.cc(73)] ReadMemory at 0x18751308810 of 58 bytes failed: Only part of a ReadProcessMemory or WriteProcessMemory request was completed. (0x12B)
[0607/201101.438:ERROR:process_memory_win.cc(73)] ReadMemory at 0x18751308860 of 60 bytes failed: Only part of a ReadProcessMemory or WriteProcessMemory request was completed. (0x12B)
[0607/201101.439:ERROR:process_memory_win.cc(73)] ReadMemory at 0x18751313b20 of 196 bytes failed: Only part of a ReadProcessMemory or WriteProcessMemory request was completed. (0x12B)
[0607/201101.440:ERROR:process_memory_win.cc(73)] ReadMemory at 0x18751318240 of 132 bytes failed: Only part of a ReadProcessMemory or WriteProcessMemory request was completed. (0x12B)
[0607/201101.440:ERROR:process_memory_win.cc(73)] ReadMemory at 0x18751318370 of 132 bytes failed: Only part of a ReadProcessMemory or WriteProcessMemory request was completed. (0x12B)
[0607/201101.440:ERROR:process_memory_win.cc(73)] ReadMemory at 0x187513184a0 of 132 bytes failed: Only part of a ReadProcessMemory or WriteProcessMemory request was completed. (0x12B)
[0607/201101.440:ERROR:process_memory_win.cc(73)] ReadMemory at 0x187513185d0 of 132 bytes failed: Only part of a ReadProcessMemory or WriteProcessMemory request was completed. (0x12B)
[0607/201101.440:ERROR:process_memory_win.cc(73)] ReadMemory at 0x18751318700 of 132 bytes failed: Only part of a ReadProcessMemory or WriteProcessMemory request was completed. (0x12B)
[0607/201101.441:ERROR:process_memory_win.cc(73)] ReadMemory at 0x18751318f50 of 132 bytes failed: Only part of a ReadProcessMemory or WriteProcessMemory request was completed. (0x12B)
[0607/201101.441:ERROR:process_memory_win.cc(73)] ReadMemory at 0x18751319540 of 132 bytes failed: Only part of a ReadProcessMemory or WriteProcessMemory request was completed. (0x12B)
[0607/201101.441:ERROR:process_memory_win.cc(73)] ReadMemory at 0x187513197a0 of 132 bytes failed: Only part of a ReadProcessMemory or WriteProcessMemory request was completed. (0x12B)
[0607/201101.441:ERROR:process_memory_win.cc(73)] ReadMemory at 0x18751319b30 of 132 bytes failed: Only part of a ReadProcessMemory or WriteProcessMemory request was completed. (0x12B)
[0607/201101.441:ERROR:process_memory_win.cc(73)] ReadMemory at 0x18751319d90 of 132 bytes failed: Only part of a ReadProcessMemory or WriteProcessMemory request was completed. (0x12B)
[0607/201101.441:ERROR:process_memory_win.cc(73)] ReadMemory at 0x18751319ec0 of 132 bytes failed: Only part of a ReadProcessMemory or WriteProcessMemory request was completed. (0x12B)
[0607/201101.441:ERROR:process_memory_win.cc(73)] ReadMemory at 0x1875131e2b0 of 184 bytes failed: Only part of a ReadProcessMemory or WriteProcessMemory request was completed. (0x12B)
[0607/201101.441:ERROR:process_memory_win.cc(73)] ReadMemory at 0x187513803a0 of 64 bytes failed: Only part of a ReadProcessMemory or WriteProcessMemory request was completed. (0x12B)
[0607/201101.441:ERROR:process_memory_win.cc(73)] ReadMemory at 0x18751380a80 of 62 bytes failed: Only part of a ReadProcessMemory or WriteProcessMemory request was completed. (0x12B)
[0607/201101.442:ERROR:process_memory_win.cc(73)] ReadMemory at 0x187513844d0 of 74 bytes failed: Only part of a ReadProcessMemory or WriteProcessMemory request was completed. (0x12B)
[0607/201101.442:ERROR:process_memory_win.cc(73)] ReadMemory at 0x18751393230 of 66 bytes failed: Only part of a ReadProcessMemory or WriteProcessMemory request was completed. (0x12B)
[0607/201101.442:ERROR:process_memory_win.cc(73)] ReadMemory at 0x18751399e00 of 196 bytes failed: Only part of a ReadProcessMemory or WriteProcessMemory request was completed. (0x12B)
[0607/201101.442:ERROR:process_memory_win.cc(73)] ReadMemory at 0x187518e8390 of 512 bytes failed: Only part of a ReadProcessMemory or WriteProcessMemory request was completed. (0x12B)
[0607/201101.442:ERROR:process_memory_win.cc(73)] ReadMemory at 0x187531121c0 of 512 bytes failed: Only part of a ReadProcessMemory or WriteProcessMemory request was completed. (0x12B)
[0607/201101.443:ERROR:process_memory_win.cc(73)] ReadMemory at 0x18753132aa0 of 512 bytes failed: Only part of a ReadProcessMemory or WriteProcessMemory request was completed. (0x12B)
[0607/201101.443:ERROR:process_memory_win.cc(73)] ReadMemory at 0x1875a02a030 of 512 bytes failed: Only part of a ReadProcessMemory or WriteProcessMemory request was completed. (0x12B)
[0607/201101.443:ERROR:process_memory_win.cc(73)] ReadMemory at 0x1875a05e770 of 512 bytes failed: Only part of a ReadProcessMemory or WriteProcessMemory request was completed. (0x12B)
[0607/201101.443:ERROR:process_memory_win.cc(73)] ReadMemory at 0x1875a0816e0 of 512 bytes failed: Only part of a ReadProcessMemory or WriteProcessMemory request was completed. (0x12B)
[0607/201101.443:ERROR:process_memory_win.cc(73)] ReadMemory at 0x1875a0f2b10 of 62 bytes failed: Only part of a ReadProcessMemory or WriteProcessMemory request was completed. (0x12B)
[0607/201101.443:ERROR:process_memory_win.cc(73)] ReadMemory at 0x1875a0f2c50 of 58 bytes failed: Only part of a ReadProcessMemory or WriteProcessMemory request was completed. (0x12B)
[0607/201101.443:ERROR:process_memory_win.cc(73)] ReadMemory at 0x1875c4a2570 of 512 bytes failed: Only part of a ReadProcessMemory or WriteProcessMemory request was completed. (0x12B)
[0607/201101.443:ERROR:process_memory_win.cc(73)] ReadMemory at 0x1875c4a6000 of 62 bytes failed: Only part of a ReadProcessMemory or WriteProcessMemory request was completed. (0x12B)
[0607/201101.443:ERROR:process_memory_win.cc(73)] ReadMemory at 0x1875c99da50 of 512 bytes failed: Only part of a ReadProcessMemory or WriteProcessMemory request was completed. (0x12B)
[0607/201101.443:ERROR:process_memory_win.cc(73)] ReadMemory at 0x1875e11fc80 of 512 bytes failed: Only part of a ReadProcessMemory or WriteProcessMemory request was completed. (0x12B)
[0607/201101.444:ERROR:process_memory_win.cc(73)] ReadMemory at 0x1875e19bbd0 of 512 bytes failed: Only part of a ReadProcessMemory or WriteProcessMemory request was completed. (0x12B)
[0607/201101.444:ERROR:process_memory_win.cc(73)] ReadMemory at 0x1875e2f2970 of 512 bytes failed: Only part of a ReadProcessMemory or WriteProcessMemory request was completed. (0x12B)
[0607/201101.444:ERROR:process_memory_win.cc(73)] ReadMemory at 0x1875e7b3680 of 512 bytes failed: Only part of a ReadProcessMemory or WriteProcessMemory request was completed. (0x12B)
[0607/201101.444:ERROR:process_memory_win.cc(73)] ReadMemory at 0x1875e7c0150 of 512 bytes failed: Only part of a ReadProcessMemory or WriteProcessMemory request was completed. (0x12B)
[0607/201101.444:ERROR:process_memory_win.cc(73)] ReadMemory at 0x7ffb745f0000 of 384 bytes failed: Only part of a ReadProcessMemory or WriteProcessMemory request was completed. (0x12B)
[0607/201101.444:ERROR:process_memory_win.cc(73)] ReadMemory at 0x7ffb765504dc of 512 bytes failed: Only part of a ReadProcessMemory or WriteProcessMemory request was completed. (0x12B)
[0607/201101.444:ERROR:process_memory_win.cc(73)] ReadMemory at 0x7ffb7693f85b of 512 bytes failed: Only part of a ReadProcessMemory or WriteProcessMemory request was completed. (0x12B)
[0607/201101.444:ERROR:process_memory_win.cc(73)] ReadMemory at 0x7ffb78f96f48 of 512 bytes failed: Only part of a ReadProcessMemory or WriteProcessMemory request was completed. (0x12B)
[0607/201101.445:ERROR:process_memory_win.cc(73)] ReadMemory at 0x7ffb793dc768 of 512 bytes failed: Only part of a ReadProcessMemory or WriteProcessMemory request was completed. (0x12B)
[0607/201101.445:ERROR:process_memory_win.cc(73)] ReadMemory at 0x7ffb79b1f708 of 656 bytes failed: Only part of a ReadProcessMemory or WriteProcessMemory request was completed. (0x12B)
[0607/201101.445:ERROR:process_memory_win.cc(73)] ReadMemory at 0x7ffbb9073280 of 512 bytes failed: Only part of a ReadProcessMemory or WriteProcessMemory request was completed. (0x12B)
[0607/201101.445:ERROR:process_memory_win.cc(73)] ReadMemory at 0x7ffbc6059884 of 512 bytes failed: Only part of a ReadProcessMemory or WriteProcessMemory request was completed. (0x12B)
[0607/201101.445:ERROR:process_memory_win.cc(73)] ReadMemory at 0x7ffbc70bf4b0 of 512 bytes failed: Only part of a ReadProcessMemory or WriteProcessMemory request was completed. (0x12B)
[0607/201101.445:ERROR:process_memory_win.cc(73)] ReadMemory at 0x7ffbc89821f0 of 512 bytes failed: Only part of a ReadProcessMemory or WriteProcessMemory request was completed. (0x12B)
[0607/201101.445:ERROR:process_memory_win.cc(73)] ReadMemory at 0x7ffbc9a1ff00 of 512 bytes failed: Only part of a ReadProcessMemory or WriteProcessMemory request was completed. (0x12B)
[0607/201101.445:ERROR:process_memory_win.cc(73)] ReadMemory at 0x7ffbc9a6f764 of 672 bytes failed: Only part of a ReadProcessMemory or WriteProcessMemory request was completed. (0x12B)
[0607/201101.445:ERROR:process_memory_win.cc(73)] ReadMemory at 0x7ffbc9a6fd64 of 512 bytes failed: Only part of a ReadProcessMemory or WriteProcessMemory request was completed. (0x12B)
[0607/201101.446:ERROR:process_memory_win.cc(73)] ReadMemory at 0x7ffbc9a73054 of 512 bytes failed: Only part of a ReadProcessMemory or WriteProcessMemory request was completed. (0x12B)
[0607/201101.446:ERROR:process_memory_win.cc(73)] ReadMemory at 0x7ffbc9afc0c8 of 18 bytes failed: Only part of a ReadProcessMemory or WriteProcessMemory request was completed. (0x12B)
[0607/201101.447:ERROR:process_memory_win.cc(73)] ReadMemory at 0x7ffbc9b2f4f8 of 40 bytes failed: Only part of a ReadProcessMemory or WriteProcessMemory request was completed. (0x12B)
[0607/201101.447:ERROR:process_memory_win.cc(73)] ReadMemory at 0x7ffbc9b2f978 of 48 bytes failed: Only part of a ReadProcessMemory or WriteProcessMemory request was completed. (0x12B)
[0607/201101.447:ERROR:process_memory_win.cc(73)] ReadMemory at 0x7ffbc9b353c0 of 64 bytes failed: Only part of a ReadProcessMemory or WriteProcessMemory request was completed. (0x12B)
[0607/201107.835:ERROR:scoped_process_suspend.cc(40)] NtResumeProcess: An attempt was made to access an exiting process. (0xc000010a)
